BAM 5.2 *ZUG01-V03* VH5204_E_01.lis
-----------------------------------

Versuchsbezeichnung                 				ZUG-Versuch
Versuchs-Datum                      				10.08.2022
Projekt                             				VH5204
Werkstoff                           				CuSn12
Bearbeiter                          				NN
Prüfmaschine                        				M33
Probenbezeichnung                   				E_01
Probenform                          				ZUG 005.004
Probenquerschnitt                   			mm²	19,648
Prüftemperatur                      			°C	26
Prüfgeschwindigkeit 1               			%/s	0,025
Umschaltpunkt                       			%	1
Prüfgeschwindigkeit 2               			mm/min	12
Anfangsmesslänge                    			mm	25
Steigung des elastischen Teils (mE) 			GPa	102
Dehngrenze (Rp0,2)                  			MPa	169
Zugfestigkeit                       			MPa	331
Bruchdehnung                        			%	11
Brucheinschnürung                   			%	10
-



-
[Daten]
Zeit	Weg	Kraft	Dehnung	Spannung
sec	mm	kN	%	MPa
0	0	0,102087112	0,00532544356823688	5,19580171009772
0,0500031000000263	0,00195612699999997	0,119402077	0,00610221688657319	6,07706010789902
0,100006100000002	0,00428487	0,142055313	0,00722816508554948	7,23001389454397
0,120010400000012	0,00512320599999999	0,150228851	0,00764598629502097	7,64601236767101
0,1500092	0,00652045200000001	0,165131973	0,0083177387997042	8,40451816978827
0,200012200000003	0,00894229800000002	0,187816071	0,00942714860241874	9,55904270154723
0,222000200000025	0,01015325	0,200304733	0,0100841643573895	10,1946627137622
0,25	0,011457334	0,213615799	0,0107987608958668	10,8721396070847
0,300003100000026	0,013972342	0,231084732	0,0116354329697944	11,7612343241042
0,345001300000007	0,016627106	0,250422867	0,0125294121846817	12,7454635077362
0,350006100000002	0,016999693	0,2554198	0,0128029968071903	12,999786237785
0,4000092	0,019654428	0,284527863	0,0142311542369876	14,4812633855863
0,430008000000015	0,021331129	0,300803101	0,0150502362883694	15,3096040818404
0,450012200000003	0,022542052	0,314530243	0,0156834531313282	16,0082574816775
0,500015300000001	0,025103655	0,340905731	0,0170763296477959	17,3506581331433
0,519012500000002	0,025895424	0,351403198	0,0175169281038581	17,8849347516287
0,550003100000026	0,027478964	0,36715448	0,0183197903428192	18,6866083061889
0,600006100000002	0,030040552	0,394174835	0,0197032032214259	20,0618299572476
0,613006600000006	0,030646014	0,401638	0,0199542392985964	20,4416734527687
0,6500092	0,032369281	0,419882538	0,0209036640861686	21,3702431799674
0,700012200000003	0,034930869	0,448109314	0,0223199739921222	22,8068665513029
0,708007800000019	0,03530347	0,452029907	0,0226226316371897	23,0064081331433
0,75	0,037213016	0,473812378	0,0236547194439033	24,1150436685668
0,800003100000026	0,039402017	0,499333832	0,0248809496467343	25,4139776058632
0,806015000000002	0,039681472	0,50228891	0,0250688432055684	25,5643785627036
0,850006100000002	0,041870473	0,527695801	0,02633006370136	26,8574817284202
0,899002100000018	0,044012894	0,552411255	0,0275765993796013	28,1153936787459
0,9000092	0,044059474	0,552945496	0,0276038517803978	28,1425842833876
0,950012200000003	0,046201895	0,57883313	0,0288987123329334	29,4601552320847
0,992004400000013	0,048204602	0,602481873	0,0301487774008117	30,6637761095277
1	0,048577189	0,608247864	0,0303373330947136	30,9572406351792
1,05000310000003	0,050626477	0,632374146	0,0315353122013215	32,18516622557
1,08700560000003	0,052163436	0,653003418	0,0325273992601202	33,2351088151466
1,1000061	0,052722317	0,659659973	0,0328349515114727	33,5738992772801
1,1500092	0,054957898	0,687111755	0,0342458025482253	34,9710787357492
1,18000800000002	0,056168836	0,703020142	0,0349866847503264	35,780748269544
1,2000122	0,056960606	0,711138489	0,035417476017301	36,1939377544788
1,25	0,059056445	0,737855225	0,0367331543760007	37,5537064841205
1,28100590000003	0,06040711	0,753412354	0,0376123908490029	38,345498473127
1,30000310000003	0,061245446	0,765042603	0,0380774613377945	38,9374288986156
1,3500061	0,063201587	0,789565674	0,0394120849487336	40,1855493688925
1,37901310000001	0,064272798	0,803604004	0,0400782337733791	40,9000409201954
1,4000092	0,065157714	0,813761841	0,0405712897054103	41,4170318098534
1,4500122	0,067346715	0,842371948	0,0420488585901259	42,8731651058632
1,47100830000002	0,068231617	0,854033691	0,0425153252551237	43,4666984425896
1,5000153	0,069349408	0,868677612	0,0433353191154298	44,2120120114007
1,55000310000003	0,071258968	0,893675781	0,0446367261164857	45,4843129580619
1,57101440000002	0,072050738	0,90461377	0,0450390435781572	46,0410102809446
1,6000061	0,073587682	0,923115051	0,0460326077074915	46,982647139658
1,6500092	0,075310949	0,946403687	0,0472143799847193	48,167940095684
1,66500860000002	0,075962991	0,954992615	0,0475735178509335	48,6050801608306
1,7000122	0,077313642	0,973234253	0,0485458866672326	49,5335022903094
1,75	0,079269783	0,997628357	0,0498534666047192	50,7750588864007
1,76000980000001	0,079688951	1,005157166	0,0501225640886768	51,1582433835505
1,80000310000003	0,081272476	1,027036377	0,0511834273067123	52,2718025753257
1,8500061	0,08308889	1,051279175	0,0523632750978534	53,5056583367264
1,86000060000001	0,083508058	1,055700806	0,0526542999385938	53,7307006311075
1,9000092	0,085091582	1,077495972	0,053682754491346	54,8399822882736
1,9500122	0,087140856	1,105626709	0,0550945532900584	56,2717176811889
1,95100410000001	0,087140856	1,106174072	0,0551247588332309	56,2995761400651
2	0,08895727	1,130343018	0,0563661212691633	57,5296731473941
2,05000310000003	0,090820249	1,155538452	0,0576300442347788	58,8120140472313
2,05200200000002	0,090913396	1,156335571	0,0576682653074439	58,8525840289088
2,1000061	0,092822942	1,183105225	0,059060578559691	60,2150460606678
2,14900210000002	0,094546209	1,206540039	0,0602150634817823	61,407778857899
2,1500092	0,094592775	1,206887939	0,0602338809010072	61,4254854947068
2,2000122	0,096409189	1,232885376	0,0615325784413712	62,7486449511401
2,24200440000001	0,098085861	1,256561035	0,0627137045626581	63,9536357390065
2,25	0,098411882	1,260264893	0,0629239958638209	64,1421464271173
2,30000310000003	0,100181715	1,285717529	0,0641859364190149	65,4375778196254
2,34300240000002	0,101718674	1,306918335	0,0652983802584349	66,5166090696254
2,3500061	0,101951548	1,310504517	0,0654928362449162	66,6991305476384
2,4000092	0,103767947	1,335990967	0,0667414941509386	67,9962829295603
2,4380036	0,10525834	1,357475708	0,06778089540426	69,0897652687296
2,4500122	0,105724074	1,36274939	0,0680817913505953	69,3581733509772
2,5000153	0,10740076	1,386988647	0,0692573367618393	70,5918488904723
2,53900150000001	0,108844572	1,407659546	0,070269508584359	71,6439101180782
2,55000310000003	0,109217174	1,412186035	0,0705540928382943	71,8742892406352
2,6000061	0,11112672	1,440286377	0,0719640889917619	73,304477656759
2,63400270000002	0,112337657	1,457852661	0,0728696301036011	74,198527127443
2,6500092	0,112849972	1,463933716	0,0732513464760161	74,5080270765472
2,7000122	0,114573239	1,489235352	0,074453569039491	75,7957732084691
2,73800660000001	0,115923889	1,508290283	0,0754599684024459	76,7655885077362
2,75	0,116343057	1,514663818	0,0757624972158033	77,0899744503257
2,80000310000003	0,118252618	1,542829346	0,07718845152349	78,5234805578176
2,83300780000002	0,119323828	1,558381226	0,0779879371732143	79,3150053949511
2,8500061	0,119882723	1,565803833	0,0783985677756154	79,6927846600163
2,9000092	0,121512829	1,590862427	0,0795993951615796	80,9681609833062
2,93501280000001	0,122770347	1,608768555	0,0805571380833586	81,8795070745114
2,9500122	0,123282662	1,615406372	0,0809548755278044	82,2173438517915
3	0,125145642	1,642553833	0,0822903939698456	83,5990346600163
3,03700260000002	0,126263433	1,658873047	0,0830939602890823	84,4296135484528
3,05000310000003	0,126682601	1,66428894	0,0834295898636536	84,7052595684039
3,1000061	0,128405853	1,691169434	0,0846924082721275	86,0733628868078
3,13700870000002	0,129756518	1,709409302	0,0856603948128954	87,0016949307818
3,1500092	0,130175686	1,716358765	0,0860723506841274	87,3553931697883
3,2000122	0,131945519	1,743086548	0,0873309146500846	88,7157241449511
3,23500060000001	0,133063295	1,759735718	0,0882083544700148	89,5630963965798
3,25	0,133529044	1,765770264	0,0885940236789276	89,8702292345277
3,30000310000003	0,135252296	1,791492798	0,0898662478009276	91,1793972923453
3,33700560000003	0,136463234	1,809911377	0,0908415238196131	92,1168249694625
3,3500061	0,136882402	1,816087769	0,0911735021637053	92,4311771681596
3,4000092	0,138698815	1,842427979	0,0925901266587182	93,7717823188111
3,44000250000002	0,139863172	1,860231934	0,0933981801165059	94,6779282369707
3,4500122	0,140189193	1,864171997	0,0936196508142722	94,8784607593648
3,5000153	0,14186588	1,889307495	0,0949637380630722	96,1577511706026
3,54000860000002	0,143309692	1,910310547	0,096045510967251	97,2267175793974
3,55000310000003	0,143635713	1,915799072	0,0964163335699545	97,5060602605863
3,6000061	0,145126091	1,935785889	0,0974932468221882	98,5233046111563
3,64500430000001	0,14666305	1,960385132	0,0987396726439326	99,7753019136808
3,6500092	0,146802777	1,96199646	0,0988454025313385	99,8573116856678
3,7000122	0,148479449	1,986431641	0,100101465763948	101,100958927117
3,7470093	0,150016407	2,010654175	0,101432135539694	102,333783336726
3,75	0,150062988	2,012341064	0,101467049931802	102,419638843648
3,80000310000003	0,15159994	2,035802856	0,102685456354662	103,61374470684
3,8500061	0,153090325	2,057060303	0,103919882850858	104,695658743893
3,85800170000002	0,153369773	2,061089844	0,104148562132212	104,90074531759
3,9000092	0,154673857	2,081597656	0,105128569969828	105,944506107492
3,9500122	0,156303963	2,104624512	0,106561946581924	107,116475570033
3,96200560000003	0,156676564	2,111256348	0,106831910933512	107,454007939739
4	0,157840921	2,128645996	0,107713594210309	108,339067385993
4,05000310000003	0,159284733	2,14942627	0,108955381091797	109,396695337948
4,07400520000002	0,160029922	2,161597656	0,109589935187932	110,016167345277
4,1000061	0,160868265	2,174199707	0,110237639106747	110,657558377443
4,1500092	0,162358651	2,196562012	0,111515141334076	111,795705008143
4,18400580000002	0,163336714	2,21168457	0,112471594940059	112,565379173453
4,2000122	0,163802455	2,217977295	0,112830743791923	112,885652229235
4,25	0,165246267	2,239314209	0,114044778924902	113,971610800081
4,30000310000003	0,166596925	2,259468262	0,115251593489947	114,997366754886
4,306015	0,166783226	2,261806396	0,115414350883593	115,116367874593
4,3500061	0,16808731	2,28213623	0,116614805756164	116,151070337948
4,4000092	0,169531115	2,304078369	0,117830362900972	117,267832298453
4,42001350000001	0,17009001	2,312110107	0,118396601236462	117,676613752036
4,4500122	0,1708352	2,321226318	0,119118562155014	118,140590289088
4,5000153	0,172139291	2,341716064	0,120332840969676	119,183431596091
4,55000310000003	0,173443376	2,359638672	0,121566082014401	120,095616449511
4,55500800000002	0,173583096	2,362409424	0,121643920335937	120,236635993485
4,6000061	0,174794033	2,380671631	0,122841085505773	121,166104997964
4,6500092	0,176004971	2,39772168	0,124094823775429	122,03388029316
4,68901070000001	0,176983034	2,412504883	0,125045114431936	122,786282725977
4,7000122	0,177215909	2,416970215	0,125325216540798	123,013549216205
4,75	0,178426846	2,431212646	0,126433032425612	123,738428644137
4,80000310000003	0,179637777	2,45141626	0,127703118340704	124,766707043974
4,8320008	0,18047612	2,462755371	0,128541575083358	125,343819778094
4,8500061	0,180941868	2,468060791	0,129000688353931	125,613843190147
4,9000092	0,182013079	2,484574707	0,130206409347485	126,454331585912
4,9500122	0,183177443	2,501454102	0,131392901459298	127,313421315147
4,99200440000001	0,184062352	2,512795166	0,132424204291407	127,890633448697
5	0,184248653	2,515503662	0,132578277029624	128,028484425896
5,05000310000003	0,185413017	2,530478516	0,133779487914632	128,790641083062
5,1000061	0,186530801	2,546820557	0,135044538407384	129,622381769137
5,14900210000002	0,187648592	2,562906982	0,136350654257376	130,441112683225
5,1500092	0,187648592	2,563144043	0,136370709060234	130,453178084283
5,2000122	0,188673228	2,576949951	0,137591033977009	131,155840339984
5,25	0,189651292	2,590179199	0,138717824076229	131,829153043567
5,30000310000003	0,190629355	2,603970703	0,139865925337155	132,531082196661
5,33700560000003	0,191421125	2,612950195	0,14076806089759	132,988100315554
5,3500061	0,191653999	2,617360596	0,141143288745819	133,212571050489
5,4000092	0,192632062	2,628732178	0,142282938047351	133,79133642101
5,4500122	0,193703272	2,644175781	0,14363065255794	134,577350417345
5,5000153	0,194588189	2,654169434	0,144779439922623	135,085985036645
5,52301030000001	0,195007357	2,66307251	0,145250551520049	135,539113904723
5,55000310000003	0,195473105	2,667933594	0,145888697923633	135,786522495928
5,6000061	0,196451169	2,679317139	0,14719627786112	136,365896732492
5,6500092	0,197336085	2,691455322	0,148394279937722	136,98367884772
5,7000122	0,198314149	2,701913818	0,149560157977239	137,515972007329
5,74900820000002	0,199105911	2,713112305	0,150788551354363	138,085927575326
5,75	0,199152484	2,713198975	0,150809153442315	138,090338711319
5,80000310000003	0,200130548	2,725601074	0,152014863450219	138,721553033388
5,8500061	0,200922317	2,734629639	0,153181613350842	139,181068760179
5,9000092	0,201760661	2,746209473	0,154413005810333	139,770433275651
5,9500122	0,20264557	2,758090576	0,155654514055797	140,375131107492
5,9780121	0,203111318	2,763474609	0,1563434910605	140,649155588355
6	0,203437339	2,765398193	0,156768910344776	140,747057868485
6,05000310000003	0,204275683	2,776378418	0,158033822018864	141,305904824919
6,1000061	0,205114018	2,786441895	0,159310871837164	141,818093190147
6,1500092	0,205952362	2,795296875	0,160573306746594	142,268774175489
6,2000122	0,206790705	2,805166992	0,161848018618902	142,771121335505
6,25	0,207396166	2,811434082	0,162909538978528	143,090089678339
6,26200870000002	0,207582467	2,813619385	0,163185560417877	143,201312347313
6,30000310000003	0,208234509	2,821212891	0,164185855754385	143,587789647801
6,3500061	0,208933125	2,828332764	0,165358593832786	143,950161034202
6,4000092	0,209631748	2,835612305	0,166566036577254	144,320658845684
6,4500122	0,210376937	2,844429932	0,167778384913658	144,769438721498
6,5000153	0,211122126	2,85113501	0,169011998471777	145,11069879886
6,55000310000003	0,211867322	2,859670654	0,170300848875236	145,545126934039
6,57701110000002	0,212239917	2,86373584	0,170860331036166	145,752027687296
6,6000061	0,212565938	2,866194092	0,171490235206395	145,87714230456
6,6500092	0,21321798	2,873404053	0,172701641773011	146,244098788681
6,7000122	0,213916596	2,880856445	0,17384722032929	146,623393984121
6,75	0,214615215	2,887914795	0,175142663121259	146,982634110342
6,80000310000003	0,215220684	2,892290039	0,176275452383906	147,20531550285
6,8500061	0,215919299	2,899586426	0,177548967819093	147,576670704397
6,9000092	0,216571342	2,905194092	0,178765455748039	147,86207715798
6,9500122	0,21717681	2,911895996	0,180017031842097	148,203175692182
6,96400450000002	0,217363108	2,913737061	0,180333791066586	148,296878104642
7	0,217782279	2,916943604	0,181202185702039	148,460077565147
7,05000310000003	0,218480895	2,922161377	0,182427916557157	148,725640116042
7,1000061	0,219086364	2,929323975	0,183696060009644	149,090186024023
7,1500092	0,219691832	2,933865967	0,184841116248215	149,321354183632
7,2000122	0,220297301	2,939213379	0,186066905027667	149,593514810668
7,25	0,22090277	2,944997559	0,187302460049695	149,887905079397
7,30000310000003	0,221508239	2,950186768	0,188498229043324	150,152013843648
7,3500061	0,222067131	2,954630371	0,189640668699877	150,378174419788
7,4000092	0,222672599	2,960792236	0,190938680136483	150,6917872557
7,4320069	0,223045194	2,963823242	0,191766708501495	150,846052626222
7,4500122	0,223231491	2,964472656	0,192123078982682	150,87910504886
7,5000153	0,22383696	2,969526611	0,193458842105103	151,136329957248
7,55000310000003	0,224302705	2,972639893	0,194579935645611	151,294782827769
7,6000061	0,2248616	2,977649414	0,195751789878559	151,549746233713
7,6500092	0,225420492	2,981370605	0,196895333093558	151,739139098127
7,7000122	0,226119111	2,988491455	0,19823883910162	152,101560209691
7,75	0,226584856	2,991630615	0,199417924888151	152,261330160831
7,80000310000003	0,227143748	2,995462158	0,200678593105372	152,456339474756
7,8500061	0,22765607	2,999044434	0,201793337939054	152,638662153909
7,9000092	0,228168389	3,003759033	0,203110102878378	152,878615278909
7,9500122	0,228680707	3,00648877	0,204135151879726	153,017547333062
8	0,229239602	3,010716309	0,2054257460054	153,232711166531
8,0160065	0,229472473	3,01400293	0,205858640524943	153,399986258143
8,05000310000003	0,229845067	3,017037354	0,206668892111364	153,554425590391
8,1000061	0,230357389	3,020778564	0,207940140507932	153,744837337134
8,1500092	0,230869708	3,023365234	0,209121295591387	153,876487886808
8,2000122	0,231382026	3,027693115	0,210377894124745	154,096758703176
8,25	0,231940922	3,03159668	0,211664477489586	154,295433631922
8,30000310000003	0,232406667	3,034243652	0,212740739592402	154,430153298046
8,3500061	0,232918985	3,037394287	0,213937474324508	154,590507278094
8,4000092	0,233524454	3,043764404	0,215272760070515	154,914719258958
8,4500122	0,233990199	3,04532959	0,21644221943183	154,994380598534
8,5000153	0,234502517	3,049837646	0,217717373726212	155,223821559446
8,55000310000003	0,234968262	3,052413818	0,218833828326464	155,354937805375
8,6000061	0,235434007	3,055178467	0,220035363787486	155,495646732492
8,6500092	0,235992899	3,058891602	0,221257967727223	155,684629580619
8,69601440000002	0,236505221	3,064081543	0,222451830211283	155,94877560057
8,7000122	0,236551794	3,06458252	0,222572174008864	155,974273208469
8,75	0,236970966	3,066247314	0,223743389076739	156,059004173453
8,80000310000003	0,237483284	3,07009375	0,22500724313237	156,254771478013
8,8500061	0,237949029	3,072276611	0,226196722342204	156,365869859528
8,9000092	0,238461347	3,075669189	0,227277519520951	156,538537713762
8,9500122	0,239020243	3,079827148	0,228615909212343	156,75016021987
9	0,239485988	3,084481689	0,229905351842191	156,987056646987
9,05000310000003	0,239905156	3,085145996	0,231019469495145	157,020867060261
9,1000061	0,240417474	3,089596191	0,232305436664909	157,247363141287
9,1500092	0,240929796	3,090877441	0,233427820519908	157,312573340798
9,2000122	0,241488688	3,095745605	0,234685966032482	157,560342274023
9,25	0,241907859	3,098988525	0,235926205934754	157,725393169788
9,30000310000003	0,242373604	3,100240967	0,237124068193998	157,789137164088
9,3500061	0,242932498	3,104374023	0,23835477454973	157,999492212948
9,4000092	0,243305094	3,104943604	0,239624732631807	158,028481473941
9,4500122	0,243817413	3,108600586	0,240739036042111	158,21460637215
9,5000153	0,244329733	3,112335449	0,242062857763318	158,404695083469
9,52301030000001	0,24451603	3,114088623	0,242603296799857	158,493924216205
9,55000310000003	0,244748903	3,11345874	0,243275090251052	158,461865838762
9,6000061	0,245261221	3,11601709	0,244485927561276	158,592075020358
9,6500092	0,245726966	3,119858398	0,245618600975253	158,787581331433
9,7000122	0,246239286	3,124081543	0,246967815526373	159,002521528909
9,75	0,246705031	3,125830078	0,248137332812023	159,091514556189
9,80000310000003	0,247170776	3,128926758	0,249408394452547	159,249122455212
9,8500061	0,247636521	3,131202637	0,250582202133748	159,364955059039
9,9000092	0,248102264	3,134528564	0,251929381343589	159,534230659609
9,9500122	0,248521436	3,135369141	0,253056776652238	159,577012469463
10	0,249033754	3,138635742	0,254333384048465	159,74326862785
10,0500031	0,249452926	3,140112061	0,255514388328909	159,818407013436
10,1000061	0,249965244	3,143492188	0,256688091147092	159,990441164495
10,1500092	0,250477564	3,147806641	0,258023969119486	160,210028552524
10,2000122	0,250850159	3,148209473	0,259158177528335	160,230530995521
10,25	0,251409052	3,151216797	0,260397069191782	160,383591052524
10,3000031	0,251828224	3,153513428	0,261663225240371	160,500479845277
10,3500061	0,252293969	3,155612793	0,262902395539842	160,607328633958
10,4000092	0,252713139	3,158445801	0,264087027082076	160,751516744707
10,4500122	0,253178883	3,159508789	0,265269844993415	160,805618332655
10,5000153	0,253644628	3,162265381	0,26653555861993	160,94591719259
10,5180054	0,253830926	3,164097656	0,267008332046546	161,03917223127
10,5500031	0,254110373	3,166381836	0,267861403698071	161,155427320847
10,6000061	0,254529543	3,167848633	0,269043570459992	161,230081076954
10,6500092	0,254995288	3,169324707	0,270276125400959	161,305206993078
10,7000122	0,255414458	3,172911377	0,271547838190901	161,487753308225
10,75	0,255926778	3,174795166	0,272733330608592	161,583630191368
10,8000031	0,256392523	3,176902344	0,273972465953723	161,690876628665
10,8500061	0,256858268	3,179287842	0,275247945822814	161,812288375407
10,9000092	0,257324013	3,181212646	0,276505265414269	161,910252748371
10,9500122	0,257696607	3,182392578	0,27763390509742	161,970306290717
11	0,258162352	3,186443848	0,278897316730977	162,176498778502
11,0500031	0,258628097	3,18738208	0,280041627942759	162,224250814332
11,1000061	0,259140417	3,19097998	0,28139684065861	162,407368688925
11,1500092	0,259606162	3,194366699	0,28260070208128	162,57973834487
11,2000122	0,260071907	3,195368408	0,283988609089305	162,630721091205
11,25	0,260351353	3,197660889	0,285052699092264	162,747398666531
11,3000031	0,260817098	3,197582031	0,286204474553663	162,743385128257
11,3500061	0,261236268	3,200590576	0,2874514696318	162,89650732899
11,4000092	0,261655439	3,201353271	0,288587758323222	162,935325274837
11,4500122	0,262214332	3,205213867	0,289889142354283	163,131813263436
11,5000153	0,262680077	3,208869873	0,291177596275658	163,317888487378
11,5500031	0,263332119	3,213950195	0,292607590306345	163,576455364414
11,5510102	0,263378695	3,214129395	0,292650700991818	163,585575885586
11,6000061	0,263564992	3,213021973	0,293809056857382	163,529212795195
11,6500092	0,264030737	3,214249512	0,294894074523001	163,591689332248
11,7000122	0,264496482	3,218760498	0,296295862398759	163,821279417752
11,75	0,264729354	3,215669189	0,297256059115201	163,663944879886
11,8000031	0,265288248	3,218793701	0,298506170123069	163,822969309853
11,8500061	0,265753993	3,223881104	0,299832991925336	164,081896579805
11,9000092	0,266219738	3,224129639	0,301111959238856	164,094545958876
11,9500122	0,266685482	3,227476318	0,30234200345952	164,264877748371
12	0,267104653	3,229729492	0,303565839789414	164,379554763844
12,0500031	0,267523823	3,229976318	0,304791791356221	164,392117162052
12,1000061	0,268036142	3,233646729	0,306018277225081	164,578925539495
12,1500092	0,268455313	3,234945313	0,30731387082006	164,645017966205
12,2000122	0,268874483	3,236036621	0,30847013342001	164,700560922231
12,25	0,269293653	3,238032471	0,30974263717673	164,802141235749
12,3000031	0,269805973	3,242101563	0,311021395762905	165,009240787866
12,3500061	0,270178568	3,241785645	0,312319709804225	164,99316189943
12,4000092	0,270597739	3,242249512	0,313417771430809	165,016770765472
12,4500122	0,271016909	3,24494043	0,314639886009788	165,153727096906
12,5000153	0,271482654	3,247452637	0,315825145731444	165,281587795195
12,5500031	0,271994973	3,250993652	0,317145154433513	165,461810464169
12,6000061	0,272414143	3,252816406	0,318386801497642	165,554580924267
12,6500092	0,272879888	3,2544646	0,319626100628823	165,638467019544
12,7000122	0,273299059	3,256446533	0,320861236198772	165,739339016694
12,75	0,273764803	3,258206543	0,322084630106592	165,828916072883
12,8000031	0,274183974	3,260563721	0,323346367926614	165,948886451547
12,8500061	0,274603144	3,261548096	0,324558251869644	165,998986970684
12,8890076	0,27497574	3,264164795	0,325526377229077	166,1321658693
12,9000092	0,275068889	3,264307861	0,325801782473348	166,139447322883
12,9500122	0,275534634	3,266740967	0,327096352405514	166,263282115228
13	0,27590723	3,267427002	0,328312444851071	166,298198391694
13,0500031	0,2763264	3,269818359	0,329574508245803	166,419908336726
13,1000061	0,27674557	3,271057617	0,330801296719377	166,482981321254
13,1500092	0,277211315	3,273020508	0,332037828465532	166,582884161238
13,2000122	0,277630485	3,274025879	0,333187789297341	166,634053287866
13,25	0,278142805	3,277108643	0,334565721335448	166,790952921417
13,3000031	0,278561975	3,278631592	0,335785998314842	166,868464576547
13,3500061	0,278934571	3,279585938	0,337022274394967	166,917036746743
13,4000092	0,279353741	3,280711914	0,338225368819549	166,974344157166
13,4500122	0,279819486	3,283823486	0,33942567288911	167,132709995928
13,5000153	0,280238656	3,284272705	0,340655158839031	167,155573340798
13,5500031	0,280704401	3,287505371	0,341978747864204	167,320102351384
13,6000061	0,281076997	3,289463867	0,34319365485829	167,419781504479
13,6500092	0,281496167	3,289848633	0,344423629170275	167,439364464577
13,7000122	0,282008486	3,293154053	0,34563202467018	167,607596345684
13,75	0,282474231	3,296066406	0,346962357885567	167,755822780945
13,8000031	0,282893401	3,298440918	0,348272134952992	167,876675386808
13,8500061	0,283312572	3,299005615	0,3493934032652	167,905416072883
13,9000092	0,283731742	3,299305664	0,350624191513958	167,920687296417
13,9500122	0,284104338	3,301525391	0,351849375083982	168,033662001222
14	0,284663232	3,304248047	0,353190265508722	168,172233662459
14,0500031	0,285035827	3,306818848	0,354406288045599	168,303076547231
14,1000061	0,285408423	3,308106689	0,355613823668743	168,368622200733
14,1500092	0,285874168	3,308543213	0,35682819536208	168,39083942386
14,2000122	0,286293338	3,310646973	0,358169177666799	168,49791189943
14,25	0,286805657	3,311144531	0,359289213588851	168,523235494707
14,2660065	0,286991956	3,314206543	0,359792633982018	168,679078939332
14,3000031	0,287224828	3,316359619	0,360663051974405	168,788661390472
14,3500061	0,287597424	3,314186035	0,361827662669425	168,678035168974
14,4000092	0,288063168	3,318054688	0,36317162208521	168,874933224756
14,4500122	0,288528913	3,319405029	0,364310422495629	168,943659863599
14,5000153	0,288948084	3,320957031	0,365640638863651	169,022650193404
14,5500031	0,289367254	3,323112793	0,366882077200436	169,13236935057
14,6000061	0,28973985	3,323580078	0,368006925835748	169,156152178339
14,6500092	0,290205595	3,325977295	0,369337420839794	169,278160372557
14,7000122	0,290624765	3,32730835	0,370568651510625	169,345905435668
14,75	0,29109051	3,329506104	0,371833876775077	169,457761807818
14,8000031	0,29150968	3,331822998	0,373098892313489	169,575681901466
14,8500061	0,291975425	3,333078857	0,374283942309106	169,639599806596
14,9000092	0,292394596	3,334898682	0,375646271728566	169,732221192997
14,9500122	0,292767191	3,334967041	0,376746169956039	169,735700376629
15	0,293232936	3,338583008	0,378061226127488	169,919737785016
15,0500031	0,293652107	3,339801514	0,379255298337587	169,981754580619
15,1000061	0,29411785	3,341840332	0,380518035851732	170,085521783388
15,1500092	0,29463017	3,345561768	0,381886874767981	170,274927117264
15,2000122	0,294956192	3,346368896	0,383059740679395	170,316006514658
15,25	0,295375361	3,34617041	0,384317130179531	170,305904417752
15,3000031	0,295887681	3,348241211	0,385547591854884	170,411299419788
15,3500061	0,296306851	3,350960205	0,386745408174137	170,549684700733
15,4000092	0,296772596	3,351692627	0,38809834286572	170,586961879072
15,4500122	0,297098617	3,354029541	0,389336896970113	170,705900905945
15,5000153	0,297564362	3,354384521	0,390595425981731	170,723967884772
15,5500031	0,297983532	3,356815186	0,391790962279326	170,847678440554
15,6000061	0,298402704	3,358765625	0,39306660493577	170,946947526466
15,6500092	0,2987753	3,359008545	0,39421507871009	170,959311125814
15,7000122	0,299334193	3,363358643	0,395566896860186	171,180712693404
15,7150116	0,299473915	3,364359619	0,395975261422665	171,231658133143
15,75	0,299706788	3,363907227	0,396740646617053	171,20863329601
15,8000031	0,300219108	3,3651604	0,398068909536821	171,272414495114
15,8500061	0,300638278	3,367724121	0,399317556457194	171,402897037866
15,9000092	0,301150598	3,371078613	0,400609777457718	171,573626475977
15,9500122	0,301616343	3,371807617	0,401892094395697	171,61072969259
16	0,302035513	3,374395508	0,403090398078319	171,742442385993
16,0500031	0,302501258	3,376258789	0,404360204358692	171,837275498778
16,1000061	0,302920427	3,378111084	0,405708442185684	171,931549470684
16,1500092	0,303432748	3,379984131	0,406882446609885	172,026879631515
16,2000122	0,303945066	3,383498291	0,40828835110819	172,205735494707
16,25	0,304457386	3,385446289	0,409639960530942	172,304880344055
16,3000031	0,305016278	3,387587891	0,410987244603802	172,413878817182
16,3500061	0,305575173	3,39072876	0,412197430764608	172,573735749186
16,4000092	0,306320366	3,39738208	0,413719179937598	172,912361563518
16,4500122	0,307205279	3,405730713	0,415304525036648	173,3372716307
16,5000153	0,308090195	3,413077637	0,417158693977109	173,711198951547
16,5120087	0,308229919	3,41445459	0,417578335808343	173,781280028502
16,5500031	0,30855594	3,412665039	0,418724762257039	173,690199460505
16,6000061	0,308881962	3,411362061	0,420184590316199	173,623883397801
16,6500092	0,309161409	3,406938477	0,421394869355679	173,39874170399
16,7000122	0,309580577	3,406628174	0,422717110142026	173,382948595277
16,75	0,309860025	3,405849121	0,423925017279868	173,343298096498
16,8000031	0,310232619	3,405917725	0,425173664200241	173,346789749593
16,8500061	0,310651791	3,405622314	0,426363643756483	173,331754580619
16,9000092	0,311070962	3,407132813	0,427647843235341	173,408632583469
16,9500122	0,31149013	3,408192871	0,428955643884517	173,462585046824
17	0,311909302	3,409468506	0,430108931370792	173,527509466612
17,0500031	0,312328473	3,410934814	0,431450890399639	173,602138334691
17,1000061	0,312701068	3,41265918	0,432570530838301	173,689901262215
17,1500092	0,313166813	3,413331787	0,433868309578873	173,724134110342
17,2000122	0,313632558	3,415387451	0,435095609384506	173,828758703176
17,25	0,314098303	3,419250732	0,43650839689169	174,025383346906
17,3000031	0,314424324	3,417396973	0,437622828135009	173,931034863599
17,3500061	0,314843496	3,419864014	0,438861615934132	174,056596803746
17,4000092	0,315355814	3,421361328	0,440094147905104	174,132803745928
17,4500122	0,315774985	3,422804199	0,441391205587578	174,206239769951
17,5000153	0,316194153	3,424502197	0,442575395706433	174,292660677932
17,5500031	0,316613325	3,426988525	0,443905146682386	174,419204244707
17,6000061	0,317032497	3,427586914	0,445091336189485	174,449659710912
17,6500092	0,317498241	3,428010986	0,446275479369655	174,471243179967
17,7000122	0,317963986	3,430974121	0,447659805055882	174,62205420399
17,75	0,318383154	3,432387939	0,44890177769472	174,694011553339
17,8000031	0,318802326	3,434622559	0,450101059100164	174,807744248779
17,8500061	0,319361218	3,437566895	0,451472037222016	174,957598483306
17,9000092	0,319687239	3,437165283	0,452669225361846	174,937158133143
17,9500122	0,32010641	3,438810547	0,453858065406607	175,020895103827
18	0,320618729	3,441703857	0,455200978189585	175,168152331026
18,0500031	0,32094475	3,440380127	0,456428720417292	175,100780079397
18,1000061	0,321410495	3,442059326	0,457650207815543	175,186244197883
18,1500092	0,321829666	3,444754639	0,458891529304963	175,323424216205
18,2000122	0,322295411	3,445575195	0,460198097563982	175,365187041938
18,25	0,322714583	3,448185303	0,46131794672999	175,498030486564
18,3000031	0,323040604	3,449515381	0,462599612518551	175,565725824511
18,3500061	0,323552922	3,450650879	0,463898833375319	175,623517864414
18,4000092	0,324018667	3,451997559	0,465109903381576	175,69205817386
18,4500122	0,324484412	3,455118896	0,466422703500057	175,850921009772
18,5000153	0,324903584	3,455776611	0,467691440177628	175,88439591816
18,5500031	0,325322752	3,45731543	0,46885679490074	175,962715289088
18,6000061	0,325741923	3,459216797	0,470149318505978	176,059486817997
18,6500092	0,326161095	3,459778809	0,471415474554567	176,088090848941
18,7000122	0,326626836	3,462088379	0,472635868381326	176,205638182003
18,7480011	0,327046008	3,464544678	0,473848961744518	176,330653399837
18,75	0,327046008	3,464828613	0,473895768601764	176,345104489007
18,8000031	0,327511753	3,465492188	0,47525751578179	176,37887764658
18,8500061	0,327884347	3,465563232	0,476401502417558	176,382493485342
18,9000092	0,328396669	3,467473877	0,477665215657134	176,479737225163
18,9500122	0,32872269	3,469100098	0,478852754401754	176,562504987785
19	0,329188435	3,469648682	0,480130373476448	176,590425590391
19,0500031	0,32965418	3,471849854	0,481347884069511	176,702455924267
19,1000061	0,330119925	3,473823242	0,482648778739813	176,802893017101
19,1500092	0,33058567	3,475382324	0,48397560054208	176,882243688925
19,2000122	0,330958265	3,47727417	0,485196739395628	176,978530639251
19,25	0,331284286	3,476092285	0,486373162660151	176,918377697476
19,3000031	0,331750031	3,478271484	0,487584045910364	177,029289698697
19,3500061	0,332169202	3,480240967	0,48877300280249	177,129528043567
19,4000092	0,332681521	3,482865234	0,490097057219731	177,263092121336
19,4500122	0,333286989	3,487855713	0,491537073159022	177,517086370114
19,5000153	0,333706157	3,488030029	0,492785277657321	177,525958316368
19,5500031	0,333939032	3,48607959	0,493891547561615	177,426689230456
19,6000061	0,334358203	3,48727417	0,49509831618667	177,487488293974
19,6500092	0,334823948	3,490476074	0,496402791180077	177,650451649023
19,7000122	0,335243116	3,49081958	0,497656390631069	177,667934649837
19,75	0,335708865	3,492451172	0,49892659239483	177,750975773616
19,8000031	0,336128033	3,494626221	0,500057393254884	177,86167655741
19,8500061	0,336593774	3,496949463	0,501349545345423	177,979919737378
19,9000092	0,337059523	3,497987061	0,502689319228676	178,03272908184
19,9500122	0,337432117	3,498612549	0,503825701797468	178,064563772394
20	0,337897858	3,500990234	0,50516094060479	178,185577870521
20,0500031	0,338317034	3,500957031	0,506297880445629	178,18388797842
20,1000061	0,338782775	3,504374023	0,507713504247825	178,357798401873
20,1500092	0,33920195	3,504170654	0,508888834939552	178,347447780945
20,2000122	0,339574545	3,505692871	0,510145317624241	178,424922180375
20,25	0,340086859	3,507787842	0,511458350438756	178,531547333062
20,3000031	0,340459461	3,50886084	0,512631657773549	178,586158387622
20,3500061	0,340925202	3,509948975	0,513789665094409	178,641539851384
20,4000092	0,341437524	3,51362793	0,515168618797937	178,828783082248
20,4190064	0,341623818	3,514611328	0,51574365863622	178,878833876222
20,4500122	0,341810119	3,513965576	0,516442215127453	178,845967833876
20,5000153	0,342229287	3,513689941	0,517676166244626	178,83193917956
20,5500031	0,342601881	3,514574219	0,518881748419515	178,876945185261
20,6000061	0,34306763	3,517114746	0,520169203645464	179,006247251629
20,6500092	0,343440225	3,518572754	0,521423430277184	179,080453684853
20,7000122	0,343859392	3,518302246	0,522610154086336	179,066685973127
20,75	0,344371714	3,522141602	0,523865520229538	179,262092935668
20,8000031	0,344790882	3,523115234	0,525158323469495	179,311646681596
20,8500061	0,345256631	3,525430176	0,526424781124103	179,42946742671
20,9000092	0,345675799	3,526340332	0,527705563067212	179,475790513029
20,9500122	0,346141547	3,528073486	0,52891972503451	179,564000712541
21	0,346607289	3,528796387	0,530218643286563	179,600793312296
21,0500031	0,346979883	3,530169678	0,53147591693803	179,670688008958
21,1000061	0,347399058	3,531961182	0,532648084761341	179,761867976384
21,1500092	0,347818226	3,533299316	0,533887685498541	179,829973330619
21,2000122	0,348283968	3,534557373	0,53517700129407	179,894003104642
21,25	0,348749716	3,536792969	0,536458247630552	180,007785474349
21,3000031	0,349122311	3,536079346	0,53765097060313	179,971465085505
21,3500061	0,349588059	3,538315674	0,538972141786676	180,085284710912
21,4000092	0,350053801	3,540626465	0,5401761659967	180,202894187704
21,4500122	0,350472969	3,542432373	0,541468876357982	180,294807257736
21,5000153	0,350938717	3,544409912	0,542687712219876	180,395455618893
21,5500031	0,351357885	3,544798096	0,544004047720166	180,415212540717
21,6000061	0,35177706	3,546859375	0,545228278534753	180,520122913274
21,6500092	0,352196228	3,548632813	0,546553123918772	180,610383397801
21,7000122	0,352615396	3,547910156	0,547710572968889	180,573603216612
21,75	0,352987991	3,549510498	0,548922479881914	180,65505384772
21,8000031	0,353546886	3,553110352	0,550261555677065	180,838271172638
21,8500061	0,353919481	3,553680176	0,551519107964555	180,867272801303
21,9000092	0,354385229	3,554821045	0,552790332392433	180,925338202362
21,9500122	0,35471125	3,55545752	0,553931899189183	180,957732084691
22	0,355223565	3,558520996	0,55530162294958	181,113650040717
22,0500031	0,35564274	3,559824707	0,556539874449259	181,180003410016
22,1000061	0,356015335	3,560639648	0,557764059323857	181,221480456026
22,1500092	0,35657423	3,563238525	0,559030749674499	181,353752290309
22,1880036	0,356853678	3,564623047	0,560078841575421	181,424218597313
22,2000122	0,356946825	3,563212158	0,560264537005622	181,352410321661
22,25	0,357365993	3,564925293	0,561505788586361	181,439601638844
22,3000031	0,357785168	3,566715576	0,562845957953004	181,530719462541
22,3500061	0,358204336	3,565683838	0,563976689903073	181,478208367264
22,4000092	0,358670077	3,568349365	0,565242729104297	181,613872404316
22,4500122	0,359135826	3,571307129	0,566567946003014	181,764410067182
22,5000153	0,359554994	3,572248047	0,567848146705385	181,812298809039
22,5500031	0,359927588	3,571897217	0,569006618419619	181,794443047638
22,6000061	0,36043991	3,575870117	0,570385967606535	181,996646834283
22,6500092	0,360859078	3,575489502	0,571618988938266	181,977275142508
22,7000122	0,3613714	3,578045898	0,572909791791284	182,107384873778
22,75	0,361790568	3,578931885	0,574192061790579	182,152477860342
22,8000031	0,362116589	3,577762695	0,575341698046375	182,092971040309
22,8500061	0,362582338	3,579865967	0,576567625644491	182,200018678746
22,9000092	0,363001506	3,583000977	0,577868311587449	182,359577412459
22,9500122	0,363513828	3,584447754	0,579203248788753	182,433212235342
23	0,363886422	3,584535889	0,580447104967165	182,437697933632
23,0500031	0,36430559	3,587896729	0,58166052290637	182,608750458062
23,1000061	0,364864485	3,590493652	0,583006481710399	182,74092284202
23,1500092	0,36523708	3,590100342	0,584212529277357	182,720905028502
23,2000122	0,365702829	3,590928467	0,585469267628075	182,763053084283
23,25	0,36616857	3,594968994	0,586789647844842	182,96869879886
23,3000031	0,366494591	3,59310791	0,588031992997074	182,873977504072
23,3500061	0,36696034	3,594095703	0,589233598366775	182,924251984935
23,4000092	0,367379507	3,595720215	0,59049628994093	183,006932766694
23,4500122	0,367845256	3,598348145	0,591712916688541	183,140683275651
23,5000153	0,368264424	3,599161133	0,593080918698022	183,182060922231
23,5500031	0,368683592	3,599734863	0,594209418563813	183,211261349756
23,6000061	0,369149341	3,600799072	0,595496896759756	183,265425081433
23,6500092	0,369661655	3,603959473	0,596693340871494	183,426276109528
23,7000122	0,370127404	3,60710791	0,598187326311629	183,586518220684
23,75	0,370499998	3,608025635	0,599396558718302	183,633226537052
23,8000031	0,37096574	3,606296631	0,600568400966905	183,545227554967
23,8500061	0,371384915	3,609488037	0,601911127992534	183,70765660627
23,9000092	0,371804083	3,610550781	0,60320286162969	183,761745775651
23,9500122	0,372269831	3,612127197	0,604452624092854	183,841978674674
24	0,372642426	3,612950928	0,605668413933697	183,883903094463
24,0340119	0,372968447	3,614663818	0,606521531525212	183,971081942182
24,0500031	0,373154741	3,614525146	0,606911921567405	183,964024124593
24,1000061	0,373573916	3,617375977	0,60827073857505	184,10911935057
24,1500092	0,373993084	3,617233643	0,609468996317682	184,101875152687
24,2000122	0,374505406	3,619440186	0,610748870446648	184,21417884772
24,25	0,374878	3,620428223	0,612023117925582	184,26446574715
24,3000031	0,375343742	3,621525391	0,613272322118003	184,320306952362
24,3500061	0,375856064	3,623514893	0,614665041839289	184,42156417956
24,4000092	0,376275232	3,624881104	0,615919664953093	184,491098534202
24,4500122	0,376694407	3,625901611	0,617157730695423	184,543038019137
24,5000153	0,377160148	3,627693115	0,61841949148544	184,634217986564
24,5500031	0,377579316	3,629271729	0,619697854588226	184,714562754479
24,6000061	0,377998491	3,629779541	0,620925479968568	184,740408234935
24,6500092	0,378464232	3,631933594	0,622271206076563	184,850040411238
24,7000122	0,378790254	3,630980713	0,623391614512009	184,801542803339
24,75	0,379256002	3,633096436	0,624716157291313	184,909224144951
24,8000031	0,379721743	3,633787842	0,625948944928314	184,944413782573
24,8500061	0,380094338	3,635541504	0,627172850168193	185,033667752443
24,9000092	0,38060666	3,637698486	0,628440051850893	185,143449002443
24,9500122	0,381025828	3,638614746	0,629776314321027	185,190082756515
25	0,381491577	3,640601074	0,631104717058155	185,291178440554
25,0500031	0,381910744	3,643042725	0,632387893872897	185,415448137215
25,1000061	0,382329912	3,642270752	0,633595893889413	185,376157980456
25,1500092	0,382795661	3,64391333	0,634924553291266	185,459758245114
25,2000122	0,383214829	3,645633545	0,636104766604933	185,547309904316
25,25	0,383634004	3,646412598	0,637397522906205	185,586960403094
25,3000031	0,384099745	3,647032227	0,638625380982581	185,618496895358
25,3500061	0,384518913	3,649654785	0,639927950465114	185,751973992264
25,4000092	0,384938089	3,64915625	0,641132067553812	185,726600671824
25,4500122	0,385357256	3,650790039	0,64241017499057	185,809753613599
25,5000153	0,385823005	3,653875	0,643697444459169	185,966765065147
25,5500031	0,386242173	3,652773438	0,644942486089052	185,910700223941
25,6000061	0,386661341	3,655570313	0,646214734179742	186,053049317997
25,6500092	0,387080516	3,657240479	0,647420432203301	186,138053695033
25,7000122	0,387546257	3,657965576	0,648732465323694	186,174958061889
25,75	0,387918852	3,659187012	0,649849873678079	186,237123982085
25,8000031	0,388431174	3,661546875	0,651235082211063	186,357231015879
25,8500061	0,388943489	3,663854004	0,65253293185901	186,474654112378
25,8610077	0,389083216	3,66475293	0,652865375595171	186,520405639251
25,9000092	0,38931609	3,666620117	0,653892377046077	186,615437550896
25,9500122	0,389688685	3,665289307	0,65502668931925	186,547704957248
26	0,390154426	3,666413086	0,656280404618912	186,604900549674
26,0500031	0,390573601	3,668697266	0,657585322034392	186,721155639251
26,1000061	0,391039343	3,669331543	0,658890053692523	186,753437652687
26,1500092	0,391458511	3,671510254	0,660195064985372	186,864324816775
26,2000122	0,391831112	3,670563477	0,661340515708636	186,816137876629
26,25	0,39225028	3,671974121	0,662579325479058	186,887933682818
26,3000031	0,392716022	3,673763916	0,66383980793893	186,979026669381
26,3500061	0,39318177	3,6765	0,665236550405393	187,118281758958
26,4000092	0,393554365	3,676604004	0,666368863290322	187,12357512215
26,4500122	0,394020113	3,677827148	0,667625857307069	187,185827972313
26,5000153	0,394485855	3,679664551	0,668973536863318	187,279344004479
26,5500031	0,394905023	3,681393555	0,670168724616209	187,367342986564
26,6000061	0,395370771	3,681536621	0,67145222700566	187,374624440147
26,6500092	0,395789946	3,684753906	0,672810230076532	187,538370622964
26,7000122	0,396162534	3,684678955	0,674018346940414	187,534555934446
26,75	0,396581702	3,685938477	0,675236555621579	187,598660270765
26,8000031	0,397094031	3,687086182	0,676533823030093	187,657073595277
26,8500061	0,397420052	3,687183838	0,677739847627056	187,66204387215
26,9000092	0,397978947	3,689196289	0,679035998494083	187,76446910627
26,9500122	0,398304969	3,689433594	0,680358983308522	187,776546925896
27	0,398724136	3,689552002	0,681443628460747	187,782573391694
27,0500031	0,399143304	3,693540527	0,682846277211963	187,985572424674
27,1000061	0,399609053	3,693884033	0,68401500452953	188,003055425489
27,1500092	0,400074787	3,695034668	0,685331617667149	188,061617874593
27,2000122	0,400493969	3,697456543	0,686555034544964	188,184881056596
27,25	0,400913137	3,698036865	0,687879972807658	188,214416989007
27,3000031	0,401378871	3,700230225	0,68915156974893	188,326049725163
27,3500061	0,401798054	3,701287109	0,690425491653155	188,379840645358
27,4000092	0,402170641	3,699346924	0,691541295103989	188,281093444625
27,4500122	0,40263639	3,703391602	0,692929340930679	188,486950427524
27,5000153	0,403055558	3,704010254	0,694068583763172	188,518437194625
27,5500031	0,403521306	3,706262695	0,69538394154064	188,633076903502
27,6000061	0,403940474	3,707427002	0,696712693821167	188,692335199511
27,6500092	0,404359642	3,708615234	0,697950480927473	188,75281117671
27,7000122	0,404825391	3,709317383	0,699190360300697	188,788547587541
27,75	0,405291139	3,712794434	0,700476141713111	188,965514759772
27,8000031	0,405663727	3,711794922	0,701686769297295	188,914643831433
27,8470002	0,406129475	3,71484375	0,703025799152455	189,069816266287
27,8500061	0,406176056	3,715059082	0,703072722857066	189,080775753257
27,9000092	0,406502077	3,715226318	0,704327019397466	189,089287357492
27,9500122	0,406967811	3,716532715	0,705620333969482	189,155777432818
28	0,40743356	3,716931396	0,706802686488752	189,176068607492
28,0500031	0,407806161	3,718593994	0,708032567922062	189,260687805375
28,1000061	0,408271895	3,719643555	0,709322348110964	189,314106015879
28,1500092	0,408737644	3,721783447	0,710626080074972	189,423017457248
28,2000122	0,409110246	3,722032959	0,711788621473069	189,435716561482
28,25	0,409622561	3,724118408	0,713170342561623	189,541857084691
28,3000031	0,409995162	3,72420874	0,714387388761313	189,546454600977
28,3500061	0,410460896	3,725093506	0,71561638634917	189,591485443811
28,4000092	0,410880079	3,727063477	0,716905422509979	189,691748625814
28,4500122	0,411252666	3,727869141	0,718085264308947	189,732753511808
28,5000153	0,411671834	3,728556885	0,719420200511555	189,767756769137
28,5500031	0,412137583	3,729786377	0,720653337691955	189,830332705619
28,6000061	0,412603331	3,731407227	0,721907261718961	189,912827107085
28,6500092	0,412975918	3,732923096	0,723190903925772	189,989978420195
28,7000122	0,413441667	3,733910645	0,724350654968847	190,040240482492
28,75	0,413953982	3,736241455	0,725731259515914	190,158868841612
28,8000031	0,414280003	3,736390381	0,726931284949451	190,166448544381
28,8500061	0,414745751	3,739024902	0,72827724375348	190,300534507329
28,9000092	0,4152115	3,740410889	0,729511682234021	190,371075376629
28,9500122	0,415584087	3,740547607	0,730731657607396	190,378033743893
29	0,416049836	3,741639893	0,732010834646955	190,433626475977
29,0500031	0,416515584	3,743665771	0,733321449619843	190,536735087541
29,1000061	0,416841606	3,743790283	0,734543611137506	190,543072221091
29,1500092	0,41735392	3,745205811	0,735802418785148	190,615116602199
29,2000122	0,417819669	3,747234619	0,737074294362444	190,718374338355
29,25	0,418238837	3,747295898	0,738377095542315	190,721493179967
29,3000031	0,418704585	3,749430176	0,739640879689266	190,830118892508
29,3500061	0,419077187	3,750084961	0,740869365945066	190,863444676303
29,4000092	0,419496355	3,751871094	0,742190257493891	190,954351282573
29,4500122	0,419915523	3,752352295	0,743460273500303	190,978842375814
29,5000153	0,42028811	3,752414795	0,744590307362269	190,982023361156
29,5500031	0,420753859	3,754223633	0,745885435565179	191,074085555782
29,6000061	0,421266174	3,756408447	0,747231301490534	191,185283336726
29,6500092	0,421638775	3,75694043	0,748391285229643	191,21235901873
29,7000122	0,422057943	3,758834717	0,749797002971904	191,308770205619
29,75	0,422523692	3,759145264	0,750988843097726	191,324575732899
29,8000031	0,422896294	3,759456299	0,752194122667901	191,340406097313
29,8500061	0,423362028	3,762310303	0,753481624832534	191,485662815554
29,9000092	0,42373463	3,763582031	0,754813399165422	191,550388385586
29,9500122	0,424200378	3,763546875	0,755944875143583	191,548599094055
29,9600067	0,424293525	3,764969971	0,756269714812768	191,621028654316
30	0,424619546	3,765924561	0,757192846945848	191,669613243078
30,0500031	0,425038714	3,766955078	0,758526714544349	191,722062194625
30,1000061	0,425504463	3,767720703	0,759723995562854	191,761029265065
30,1500092	0,425970197	3,770263184	0,761131015603951	191,890430781759
30,2000122	0,426342798	3,771041504	0,762296718871767	191,930043973941
30,25	0,426855113	3,772770752	0,76366937180585	192,018055374593
30,3000031	0,427274296	3,773740234	0,764865350525519	192,067397903094
30,3500061	0,427693464	3,775651611	0,766192986264559	192,164678898616
30,4000092	0,428019485	3,774359863	0,767396964534594	192,098934395358
30,4500122	0,428485219	3,775827148	0,768626147879801	192,173612988599
30,5000153	0,42885782	3,777718262	0,769817941066937	192,269862683225
30,5500031	0,429416716	3,780560059	0,771169480581009	192,414498116857
30,6000061	0,429789318	3,781122559	0,772362204552283	192,443126984935
30,6500092	0,430255052	3,783333984	0,773695001549287	192,555679153094
30,7000122	0,4307208	3,784536133	0,775000779840225	192,616863446661
30,75	0,431093402	3,783162109	0,776248937399839	192,546931443404
30,8000031	0,431559136	3,786269531	0,777464495543343	192,705086064739
30,8500061	0,431931738	3,785811035	0,778738975718311	192,681750559853
30,9000092	0,432350906	3,787735107	0,780063308771576	192,779677677117
30,9500122	0,432816654	3,788483398	0,781286074499973	192,817762520358
31	0,433282403	3,791128174	0,782602688636287	192,952370419381
31,0500031	0,43365499	3,790778809	0,783821083074802	192,934589220277
31,1000061	0,434074158	3,791614746	0,785085331615127	192,977134873779
31,1500092	0,434586488	3,794367676	0,786390226060612	193,11724735342
31,2000122	0,435005655	3,794570313	0,787637082320085	193,127560718648
31,25	0,435424823	3,796265381	0,788945836723393	193,213832502036
31,3000031	0,435797425	3,796007813	0,790138699513331	193,200723381515
31,3500061	0,436263159	3,797733887	0,791450802542405	193,288573239007
31,4000092	0,436682327	3,798429443	0,792640084010544	193,323974094055
31,4500122	0,437148076	3,800722168	0,793999576136297	193,440664087948
31,5000153	0,437520677	3,801471191	0,79525285001258	193,478786186889
31,5500031	0,437939845	3,801777832	0,796396928528328	193,494392915309
31,6000061	0,438359013	3,803965332	0,797758373103639	193,60572740228
31,6500092	0,438824762	3,804217041	0,798964397700603	193,618538324511
31,7000122	0,439337077	3,806338623	0,800246969305916	193,726517864414
31,75	0,439709678	3,808495361	0,801618134183813	193,836286695847
31,8000031	0,440175412	3,808195801	0,802799045585583	193,821040360342
31,8500061	0,440548014	3,807844238	0,804031019285812	193,803147292345
31,9000092	0,441060329	3,811019287	0,805341865956038	193,964743841612
31,9500122	0,441479511	3,811832031	0,80665443437718	194,006109069625
32	0,441805533	3,81132666	0,807841856274435	193,980387825733
32,0500031	0,442271267	3,813125488	0,809187256807721	194,071940553746
32,0840149	0,442597288	3,815084961	0,809990404673574	194,171669432003
32,1000061	0,442690435	3,814407471	0,810349147056399	194,137188059853
32,1500092	0,443202764	3,816006592	0,811678642366323	194,218576547231
32,2000122	0,443575351	3,817659912	0,812991676179534	194,302723534202
32,25	0,443947953	3,816515137	0,814075948818365	194,244459334283
32,3000031	0,444460268	3,819233154	0,815508220873319	194,382794890065
32,3500061	0,444926016	3,821540039	0,816729685301575	194,500205567997
32,4000092	0,445391765	3,822437988	0,818021232182686	194,545907369707
32,4500122	0,445764352	3,822990234	0,819272366853366	194,574014352606
32,5000153	0,446183534	3,823033447	0,82049764430076	194,576213711319
32,5500031	0,446556122	3,824343262	0,821772263294393	194,642877748371
32,6000061	0,44702187	3,826225098	0,823060741184458	194,738655232085
32,6500092	0,447441038	3,826197998	0,824344662027293	194,73727595684
32,7000122	0,447860206	3,82730835	0,825529153752167	194,793788171824
32,75	0,448325955	3,829005371	0,826879345027413	194,880159354642
32,8000031	0,448698557	3,83054126	0,828095971775023	194,958329600977
32,8500061	0,449210871	3,831917236	0,829335015240175	195,028360952769
32,9000092	0,449583459	3,833658203	0,830667022269097	195,116968800896
32,9500122	0,450002641	3,832699219	0,831906157614229	195,06816057614
33	0,450375228	3,833115967	0,8330426100917	195,089371284609
33,0500031	0,450887543	3,836948486	0,834425122147032	195,284430272801
33,1000061	0,451306725	3,838066895	0,835664350370838	195,341352554967
33,1500092	0,451725893	3,83760498	0,836900556542284	195,317843037459
33,2000122	0,452191642	3,840209473	0,838238191219934	195,450400702362
33,25	0,452564229	3,839685303	0,839472211247091	195,423722668974
33,3000031	0,453076544	3,840917725	0,840667213242633	195,486447730049
33,3500061	0,453495726	3,842087402	0,841968991758387	195,545979336319
33,4000092	0,453914894	3,843330811	0,843319880123041	195,609263589169
33,4500122	0,454287482	3,844089111	0,844546412930587	195,647857848127
33,5000153	0,45475323	3,844142334	0,845734578855934	195,650566673453
33,5500031	0,455218979	3,847211426	0,847164154433237	195,806770460098
33,6000061	0,455591566	3,847967773	0,848265309019557	195,845265319625
33,6500092	0,456057315	3,849289795	0,849621452519545	195,912550641287
33,7000122	0,456429916	3,84768335	0,85071409622344	195,830789393323
33,75	0,456942231	3,852458008	0,852165389431487	196,073799267101
33,8000031	0,457314833	3,852725586	0,85334346353955	196,087417854235
33,8500061	0,457780567	3,854866943	0,854736811440259	196,196403857899
33,9000092	0,458199749	3,854906982	0,855938789323355	196,198441673453
33,9500122	0,458665483	3,855196777	0,857160532387635	196,213191011808
34	0,459084651	3,857450928	0,85849137693508	196,327917752443
34,0500031	0,459457253	3,858013184	0,859716049173046	196,356534201954
34,1000061	0,459876421	3,858248779	0,860896960574816	196,368524989821
34,1500092	0,46034217	3,860343994	0,862300027779415	196,475162561075
34,2000122	0,460761338	3,861034912	0,86350386623209	196,510327361564
34,25	0,461180505	3,862849854	0,864745233661499	196,602700223941
34,3000031	0,461553107	3,862642578	0,865938794539541	196,592150753257
34,3420105	0,462018856	3,86512915	0,867070596092412	196,718706738599
34,3500061	0,462065422	3,865398193	0,867249735087138	196,732399888029
34,4000092	0,46248459	3,866362549	0,868582532084142	196,781481524837
34,4500122	0,462903772	3,867122314	0,869754282452765	196,820150346091
34,5000153	0,46332294	3,867015625	0,871109355351256	196,814720327769
34,5500031	0,463742108	3,868468262	0,872258690001033	196,888653399837
34,6000061	0,464161276	3,869146484	0,873558793704558	196,923172027687
34,6500092	0,464580444	3,871265381	0,874795372389397	197,031014912459
34,7000122	0,465046193	3,87295752	0,876102917372544	197,11713762215
34,75	0,465558507	3,873803711	0,877384000921672	197,160205160831
34,8000031	0,465884529	3,87383374	0,878672618629097	197,161733509772
34,8500061	0,466350277	3,875671143	0,879939564645769	197,255249541938
34,9000092	0,466722879	3,876966309	0,88118535130244	197,321168006922
34,9460144	0,472451531	3,915597412	0,884380177971607	199,287327565147
34,9500122	0,473895343	3,946061279	0,88616844899305	200,837809395358
34,953003	0,474826826	3,969239746	0,887603976795094	202,017495215798
34,9620056	0,476689806	4,020508057	0,891924001642972	204,626835148616
35	0,483303389	4,065366455	0,905683315158559	206,909937652687
35,0020142	0,483815704	4,070643066	0,906753729899653	207,178494808632
35,0500031	0,49322375	4,112450684	0,933766565634719	209,306325529316
35,0620118	0,495692206	4,121035156	0,941117345474936	209,743238802932
35,1000061	0,503144111	4,135593262	0,963650085459174	210,484184751629
35,1500092	0,513064486	4,1603125	0,994195749339616	211,742289291531
35,1740113	0,517908222	4,171371582	1,00862906542068	212,305149735342
35,2000122	0,523171155	4,184559082	1,02427180166316	212,976337642508
35,25	0,533138082	4,205985352	1,05364943531544	214,066844055375
35,2880097	0,540683134	4,221493164	1,07669643253692	214,856126017915
35,3000031	0,543105009	4,228081543	1,08388728029285	215,191446610342
35,3500061	0,553071965	4,247830566	1,11428993997649	216,196588253257
35,3980103	0,562712871	4,271691895	1,14359697884516	217,411028857899
35,4000092	0,563132053	4,272706543	1,14487113344542	217,462670144544
35,4500122	0,573145546	4,290196289	1,17518752581812	218,35282415513
35,5000153	0,583065936	4,311864746	1,20566733771953	219,455656860749
35,5240021	0,587863091	4,321722656	1,22025844667928	219,957382736156
35,5500031	0,593126024	4,332243164	1,23600321464	220,492832043974
35,6000061	0,603139517	4,352416504	1,26678652109325	221,519569625407
35,6500092	0,613199605	4,372125977	1,29754690049559	222,522698340798
35,6500092	0,613199605	4,372125977	1,29754690049559	222,522698340798
35,7000122	0,623213128	4,389013672	1,32805759205959	223,382210504886
35,75	0,633133488	4,408304688	1,35925154010089	224,364041530945
35,7920075	0,641563471	4,42229541	1,38523725853638	225,076110036645
35,8000031	0,643193577	4,426401855	1,39019496439577	225,28511069829
35,8500061	0,653067371	4,44392627	1,42137324090844	226,177029214169
35,9000092	0,663127459	4,461599609	1,4523006201626	227,076527331026
35,9350128	0,67011363	4,472727051	1,47412326972212	227,642867009365
35,9500122	0,673094386	4,476463379	1,48352293714618	227,83303028298
36	0,683107908	4,493931152	1,51471762921557	228,722065960912
36,0500031	0,693167997	4,508544434	1,54558650589035	229,465820134365
36,0950013	0,702110294	4,52315332	1,57407188807083	230,209350570033
36,1000061	0,703134924	4,526459473	1,57724281096496	230,377619757736
36,1500092	0,713148446	4,540770508	1,6086194323841	231,105990838762
36,2000122	0,723115373	4,556835938	1,6401420810511	231,923653196254
36,25	0,733175461	4,572203613	1,67165849785864	232,705802778909
36,2520142	0,733548077	4,573405273	1,67292995498256	232,766962184446
36,3000031	0,743095822	4,586805176	1,70347952476081	233,448960504886
36,3500061	0,753109344	4,601597656	1,73518261372268	234,20183509772
36,4000092	0,763169461	4,61612207	1,76690625883251	234,941066266287
36,4180146	0,766755693	4,623494141	1,77869686103179	235,316273462948
36,4500122	0,773089793	4,630821777	1,79902966374502	235,68921910627
36,5000153	0,783103315	4,64336377	1,83078493254553	236,327553440554
36,5500031	0,793116837	4,657533203	1,86264381499784	237,048717579397
36,6000061	0,803176925	4,671855957	1,89438159764012	237,777685107899
36,605011	0,804154988	4,673524414	1,89765464612987	237,862602504072
36,6500092	0,813097257	4,68323291	1,92634502452837	238,356723839577
36,7000122	0,823110779	4,697686523	1,95808968918084	239,092351537052
36,75	0,833124301	4,709308594	1,99004493076136	239,683865736971
36,7990113	0,842904934	4,723811523	2,02161315489415	240,422003410016
36,8000031	0,843137823	4,724119629	2,02225399877408	240,437684700733
36,8500061	0,853197911	4,73546875	2,05436112694853	241,015306901466
36,9000092	0,863071677	4,746556152	2,08647253353419	241,579608713355
36,9500122	0,873131765	4,759429688	2,11868671686489	242,23481718241
37	0,883052155	4,770781738	2,15098814522934	242,81258845684
37,0130005	0,88570689	4,773999512	2,15923606016199	242,976359527687
37,0500031	0,893112243	4,783959961	2,18314596418755	243,48330420399
37,1000061	0,903032575	4,793089355	2,21516761501915	243,947951699919
37,1500092	0,913046097	4,805719727	2,24754652117609	244,590784151059
37,2000122	0,923152751	4,818646484	2,27988496718521	245,248701343648
37,2320099	0,929580041	4,824321777	2,30027813404611	245,537549725163
37,25	0,933073141	4,827883789	2,31197312114526	245,718841052524
37,3000031	0,943133229	4,840368164	2,34411215164642	246,354242874593
37,3500061	0,953146752	4,850524414	2,37663457333222	246,871152992671
37,4000092	0,963160274	4,862999512	2,40912137155216	247,506082654723
37,4500122	0,973080605	4,870938477	2,44142456561012	247,910142355456
37,4590149	0,974897034	4,874711914	2,44729475451327	248,102194320033
37,5000153	0,983094127	4,883848145	2,47419002482143	248,567189790309
37,5500031	0,993200782	4,894518066	2,50684935766324	249,110243587134
37,6000061	1,003121172	4,904570801	2,53954338318677	249,621885230049
37,6500092	1,013088069	4,914033691	2,57189271197996	250,103506260179
37,7000122	1,023101592	4,923867188	2,60457492493399	250,603989617264
37,7050019	1,024126221	4,924747559	2,60782174468575	250,648796773208
37,75	1,03316168	4,934032715	2,63712757513296	251,121371895358
37,8000031	1,042942313	4,938214844	2,66893911542727	251,334224552117
37,8500061	1,053002401	4,952874023	2,70189273385039	252,080314688518
37,9000092	1,06315568	4,963882324	2,73467660900536	252,640590594463
37,9500122	1,073122578	4,974036133	2,76751610350601	253,157376475977
37,9630127	1,075777371	4,97495166	2,77584819348268	253,203972923453
38	1,0831361	4,982586914	2,79996811616555	253,592575020358
38,0500031	1,093103056	4,991875	2,8326467018578	254,065299267101
38,1000061	1,103163144	5,003072266	2,86576522886451	254,635192691368
38,1500092	1,11303691	5,008566895	2,8982723035977	254,914846040309
47,8680115	1,115598512	4,599700195	-0,466218340302319	234,105262367671
47,8680115	1,115598512	4,599700195	-0,466218340302319	234,105262367671
47,904007	1,123050432	4,692463379	-0,46624554376704	238,826515625
47,9120026	1,124680537	4,746732422	-0,466271852400659	241,588580109935
47,9170075	1,125379146	4,769585938	-0,466250813882805	242,751727300489
47,9280091	1,126916119	4,797580078	-0,466214093849366	244,176510484528
47,9460144	1,130828372	4,850864746	-0,466266799001801	246,888474450326
47,9580078	1,13366943	4,90123291	-0,466279849953634	249,452000712541
47,9670105	1,135346102	4,930196289	-0,466242976121099	250,92611405741
47,9810028	1,137861138	4,952191895	-0,466254822646247	252,045597261808
48,0150147	1,144987037	5,002438965	-0,466224568166999	254,602960352199
48,0170136	1,145359624	5,003794434	-0,466233638318862	254,671947984528
48,0670014	1,155233389	5,03257666	-0,466286590149067	256,136841408795
48,1170044	1,165293478	5,049658203	-0,466219533743354	257,006219615228
48,1270142	1,167249604	5,052743652	-0,466248178325575	257,163255903909
48,1670075	1,175353566	5,065641113	-0,466315128869572	257,819682054153
48,2170105	1,185367088	5,080094727	-0,466227606198486	258,555309802524
48,2670136	1,195287478	5,089911133	-0,466261917378556	259,054923300081
48,3170014	1,205301	5,102000977	-0,466171445559876	259,670245164902
48,32901	1,207722846	5,102781738	-0,466197844076083	259,709982593648
48,3670044	1,215361088	5,109060059	-0,466214087857194	260,029522546824
48,4170075	1,22528142	5,118260742	-0,466152874818421	260,497798350977
48,4670105	1,235341508	5,12720752	-0,466155596263458	260,953151465798
48,5170136	1,245261898	5,133378418	-0,466184281792192	261,26722404316
48,5670014	1,255275362	5,141608887	-0,466197476556166	261,686120063111
48,6170044	1,265242376	5,148811035	-0,466194448511633	262,052678898616
48,6320038	1,26826964	5,152829102	-0,466170920246081	262,2571814943
48,6670075	1,275302406	5,159498535	-0,466219529748572	262,596627392101
48,7170105	1,285315986	5,165802734	-0,466257004795754	262,917484425896
48,7670136	1,295282884	5,17499707	-0,466216388851456	263,385437194625
48,8170014	1,305342914	5,182342285	-0,466172533139195	263,759277534609
48,8670044	1,315263362	5,189230469	-0,466188332500841	264,109856932003
48,9170075	1,325323392	5,199695313	-0,466196592710713	264,642473177932
48,9410096	1,330167201	5,202845215	-0,466218569003572	264,802789851384
48,9670105	1,33529029	5,204950195	-0,466182455178257	264,909924419788
49,0170136	1,34530387	5,214710938	-0,466170890285219	265,406704906352
49,0670014	1,355317334	5,221403809	-0,466215276304751	265,747343699104
49,1170044	1,365284348	5,231218262	-0,466189118474142	266,246857797231
49,1670075	1,375344378	5,238803223	-0,466182316359593	266,632900193404
49,2170105	1,385311393	5,24507959	-0,466220785108723	266,952340696254
49,2670136	1,395138592	5,249914063	-0,466088378069087	267,198394900244
49,2810059	1,398165856	5,25321875	-0,466183158259837	267,366589474756
49,3170014	1,405291754	5,258428711	-0,466115968028937	267,631754427932
49,3670044	1,415351901	5,269937988	-0,466207731160804	268,217527890879
49,4170075	1,425365365	5,27595459	-0,466285667354493	268,523747455212
49,4670105	1,435285696	5,283591797	-0,466127253287256	268,912448951547
49,5170136	1,445299277	5,292191895	-0,466134282105667	269,350157522394
49,5670014	1,455312741	5,298653809	-0,466199198307081	269,67904158184
49,602005	1,462392073	5,303697754	-0,466108636605812	269,935757023616
49,6170044	1,46513994	5,302905762	-0,466120641923533	269,895447984528
49,6670075	1,475246653	5,311335449	-0,466181536378464	270,324483357085
49,7170105	1,485260116	5,320005371	-0,466141385826235	270,76574567386
49,7670136	1,495320263	5,325599609	-0,46617506283471	271,050468699104
49,8170014	1,505240595	5,333542969	-0,466145802057411	271,454752086726
49,8670044	1,515347307	5,343329102	-0,466106373561975	271,952824816775
49,9170075	1,525314205	5,349793945	-0,46616219264675	272,281857949919
49,9350128	1,528993628	5,353861328	-0,466152904779284	272,488870521173
49,9670105	1,535327785	5,356526855	-0,466097821733039	272,624534558225
50,0170136	1,545294683	5,361754883	-0,466191235708446	272,890619045195
50,0670014	1,555354713	5,371741699	-0,466111505857772	273,398905690147
50,1170044	1,565368293	5,378185547	-0,466164259946283	273,726870266694
50,1670075	1,575288625	5,38423584	-0,466102986985784	274,034804560261
50,2170105	1,585302205	5,391281738	-0,466100863759308	274,39341093241
50,2670136	1,595269103	5,396089355	-0,466074011835377	274,638098279723
50,3090058	1,603792218	5,404132813	-0,466043119189751	275,047476231678
50,3170014	1,605375699	5,406217285	-0,466111764519887	275,153567029723
50,3670044	1,61538928	5,411461914	-0,466110699910563	275,420496437296
50,4170075	1,625263045	5,41738623	-0,466096784088491	275,722019035016
50,4670105	1,635323192	5,42546875	-0,466120040708886	276,133385077362
50,5170136	1,645336655	5,431989258	-0,466102348819407	276,46525132329
50,5670014	1,655303553	5,439160156	-0,466132324662631	276,830219666124
50,6170044	1,665270567	5,445356934	-0,466152477337641	277,145609425896
50,6640015	1,674725121	5,454183594	-0,46609691092281	277,59484904316
50,6670075	1,675284031	5,454629883	-0,46610050522765	277,617563263436
50,7170105	1,685344178	5,458291504	-0,466070937850855	277,803924267101
50,7670136	1,695264509	5,466041992	-0,466104731706694	278,198391286645
50,8170014	1,705277973	5,469834961	-0,466050923994509	278,391437347313
50,8670044	1,71533812	5,47739502	-0,46602967275453	278,776212337134
50,9170075	1,725305018	5,484536621	-0,466131086280303	279,139689586726
50,9670105	1,735225349	5,489418945	-0,466127511949371	279,38817920399
51,0170136	1,745332062	5,497921387	-0,466112558482751	279,820917497964
51,0640107	1,754833298	5,504337891	-0,466077056857732	280,1474903807
51,0670014	1,755392208	5,505235352	-0,466055601883886	280,193167345277
51,1170044	1,76531254	5,510672852	-0,466084186544382	280,469913070033
51,1670075	1,775279438	5,514887207	-0,466082659539075	280,68440589373
51,2170105	1,785293018	5,523126465	-0,465996848631949	281,103749236563
51,2670136	1,795399614	5,530234375	-0,466107354280884	281,465511756922
51,3170014	1,80527338	5,53448291	-0,466095144230601	281,681744197883
51,3670044	1,81528696	5,544848633	-0,466124670660883	282,209315604642
51,4170075	1,825393556	5,549538574	-0,466134625656894	282,448013741857
51,4670105	1,835314004	5,553709961	-0,466092986049784	282,660319676303
51,4810028	1,838108438	5,554374512	-0,466105984070759	282,694142508143
51,5170136	1,845327468	5,560528809	-0,466002478278068	283,007370164902
51,5670014	1,855340932	5,566212402	-0,46608073904777	283,29664098127
51,6170044	1,865354512	5,572524414	-0,466062377033659	283,617895663681
51,6670075	1,87532141	5,576515137	-0,466083461491502	283,821006565554
51,7170105	1,88533499	5,584936523	-0,466023827390199	284,249619452362
51,7670136	1,895395021	5,590889648	-0,466046935204976	284,552608306189
51,8170014	1,905268786	5,595646484	-0,466085072387225	284,794711115635
51,8670044	1,915328932	5,601027344	-0,466039226274979	285,068574104235
51,8890076	1,919706964	5,604713867	-0,466020558660068	285,256202514251
51,9170075	1,92529583	5,606799316	-0,465997646589595	285,362343037459
51,9670105	1,935355977	5,613945801	-0,465994431789017	285,726068861971
52,0170136	1,945322875	5,618460938	-0,46605116168402	285,955870215798
52,0670014	1,955289772	5,626955078	-0,466074062768844	286,388185973127
52,1170044	1,965303353	5,631046875	-0,466004190042029	286,596441113599
52,1670075	1,975316817	5,637794922	-0,465987161286313	286,939888131108
52,2170105	1,985283831	5,641621094	-0,465987373009743	287,134624083876
52,2670136	1,995297295	5,648403809	-0,465951521841325	287,479835555782
52,3170014	2,005310759	5,65367627	-0,465967948383699	287,7481814943
52,3210144	2,006102616	5,655092285	-0,465966707005284	287,820250661645
52,3670044	2,015277773	5,659597656	-0,465949679248263	288,049554967427
52,4170075	2,025291237	5,666164551	-0,466005753000371	288,383782115228
52,4670105	2,035351383	5,671813965	-0,46600099521536	288,671313365228
52,5170136	2,045271715	5,677737793	-0,465979809889279	288,972811125814
52,5670014	2,055285179	5,681562012	-0,466038669002931	289,167447679153
52,6170044	2,065298759	5,687754395	-0,465985829026614	289,482613752036
52,6670075	2,075358789	5,695164551	-0,4660023184868	289,859759313925
52,7170105	2,085279237	5,697499512	-0,465963705925527	289,978598941368
52,7670136	2,095292701	5,704133301	-0,465977637726726	290,316230710505
52,782013	2,098366648	5,70545752	-0,465990900401989	290,383627850163
52,8170014	2,105352847	5,708786133	-0,465916815177865	290,553040156759
52,8670044	2,115319745	5,71673291	-0,465975067084699	290,957497455212
52,9170075	2,125333209	5,720915039	-0,465967179388221	291,170350111971
52,9670105	2,135300223	5,726779297	-0,465988671313798	291,468816011808
53,0170136	2,145313687	5,732786133	-0,466026126387071	291,774538528094
53,0670014	2,155280585	5,735332031	-0,465940312483859	291,904113955619
53,1170044	2,165387298	5,74279541	-0,465991810213523	292,283968342834
53,1670075	2,17549401	5,748546875	-0,465957362212179	292,576693556596
53,2170105	2,18532121	5,753741211	-0,465958232075895	292,841063263437
53,2340088	2,188814251	5,755495117	-0,465939094075438	292,930329651873
53,2670136	2,195334673	5,759082031	-0,465926189931833	293,112888385586
53,3170014	2,205348254	5,765382324	-0,465982579271696	293,433546620521
53,3670044	2,215408284	5,771861816	-0,465925776471927	293,763325325733
53,4170075	2,225375182	5,773966309	-0,465972928877791	293,870435107899
53,4670105	2,235342196	5,781483887	-0,465978405723509	294,253047994707
53,5170136	2,245402342	5,785760742	-0,465914943622636	294,470721803746
53,5670014	2,255369124	5,791766113	-0,465918762633947	294,776369757736
53,6170044	2,265382704	5,794762207	-0,465923151900346	294,928858255293
53,6670075	2,275256586	5,801742188	-0,465945492717036	295,28410973127
53,7070008	2,283313923	5,8055625	-0,465979254614622	295,478547434853
53,7170105	2,285316499	5,807153809	-0,465906623491039	295,559538324511
53,7670136	2,29533008	5,809958496	-0,465969844906314	295,702285016287
53,8170014	2,305297094	5,816775879	-0,466003535896525	296,04926094259
53,8670044	2,315357008	5,821352539	-0,465951668649553	296,282193556596
53,9170075	2,325324022	5,825838379	-0,465983088606364	296,510503817182
53,9670105	2,335337602	5,831868652	-0,465939671321395	296,817419177524
54,0170136	2,34525805	5,836105957	-0,465975489532864	297,033080059039
54,0670014	2,355271398	5,843312012	-0,465952427658077	297,3998377443
54,1170044	2,36537811	5,847902832	-0,465927144684661	297,633491042345
54,1670075	2,375298558	5,851831055	-0,465940935669805	297,833420958876
54,1890107	2,379769605	5,855643555	-0,465931426091954	298,027461064739
54,2170105	2,38526534	5,855013184	-0,465949397616153	297,995377850163
54,2670136	2,395325486	5,862959961	-0,465939502541868	298,399835148616
54,3170014	2,405385633	5,867505859	-0,465896292985548	298,631202107085
54,3670044	2,415259282	5,870414063	-0,465937648963156	298,779217375814
54,4170075	2,425272862	5,875651855	-0,465942555553786	299,045798809039
54,4670105	2,435379575	5,882850586	-0,465913921957215	299,412183733713
54,5170136	2,445393155	5,889052734	-0,465894439406836	299,727846803746
54,5670014	2,45531337	5,890700195	-0,46592766899976	299,811695592427
54,6170044	2,465280384	5,897563477	-0,46588914332499	300,161007583469
54,6670075	2,475387097	5,903100098	-0,465838945896771	300,442798147394
54,703003	2,482559445	5,90580127	-0,46589838225638	300,580276364007
54,7170105	2,485260746	5,905227051	-0,465925358018543	300,551051048453
54,7670136	2,495274326	5,911766113	-0,465908009680291	300,883861614414
54,8170014	2,505334473	5,915419922	-0,465863067387406	301,069825020358
54,8670044	2,515301254	5,920327148	-0,465909570641242	301,319582043974
54,9170075	2,525221702	5,922159668	-0,465818496609219	301,412849552117
54,9670105	2,535235283	5,929450684	-0,465946492411157	301,783931392508
55,0170136	2,545388561	5,934437012	-0,465843316187957	302,037714372964
55,0670014	2,555355343	5,938777344	-0,465875855682341	302,258618892508
55,1170044	2,565275791	5,944129883	-0,465891291518852	302,531040462134
55,1670075	2,575289371	5,948428711	-0,46584074754332	302,749832603827
55,2170105	2,585349285	5,955529297	-0,465855339482196	303,111222363599
55,2360077	2,589214972	5,956008789	-0,465874709179992	303,135626475977
55,2670136	2,595223167	5,953626953	-0,465930508290857	303,014401109528
55,3170014	2,605236747	5,962118652	-0,465875582039794	303,446592630293
55,3670044	2,61529666	5,967750977	-0,465878337440476	303,733254122557
55,4170075	2,625310241	5,971464355	-0,465839523142727	303,922249338355
55,4670105	2,635323821	5,977099121	-0,465961867327247	304,209035067182
55,5170136	2,645337401	5,980634766	-0,465858059928537	304,388984425896
55,5670014	2,655304183	5,987000977	-0,465814508818381	304,712997607899
55,6170044	2,665317763	5,989726563	-0,465892499940318	304,85171839373
55,6670075	2,675284777	5,994160156	-0,465853590766504	305,077369503257
55,7170105	2,685391257	6,000344238	-0,465826634978249	305,392113090391
55,7670136	2,695311705	6,00427832	-0,465912526779704	305,592341205212
55,7810059	2,698199271	6,006239258	-0,465838070040882	305,692144645765
55,8170014	2,705278719	6,008330078	-0,465897394546603	305,79855853013
55,8670044	2,715292067	6,012302734	-0,46583331225587	306,000749898209
55,9170075	2,725305647	6,016787109	-0,465894075881701	306,228985596498
55,9670105	2,735319227	6,021131348	-0,465862958529604	306,450088965798
56,0170136	2,745286242	6,025755859	-0,465867247926461	306,685456993078
56,0670014	2,755346155	6,029993164	-0,465819289573388	306,901117874593
56,1170044	2,765266603	6,034096191	-0,465865458264256	307,109944574511
56,1670075	2,77532675	6,039816406	-0,4658506875589	307,401079295603
56,2170105	2,785386663	6,042224609	-0,465882987366381	307,5236466307
56,2670136	2,795307111	6,048978516	-0,465789459539696	307,867391897394
56,3170014	2,805274126	6,051280762	-0,465805675357335	307,98456646987
56,3630066	2,814495849	6,056333008	-0,465775982144916	308,241704397394
56,3670044	2,815287473	6,057337891	-0,465793584151807	308,292848686889
56,4170075	2,825394186	6,060744141	-0,465785894197023	308,466212388029
56,4670105	2,835314634	6,063344727	-0,465816638037031	308,598571203176
56,5170136	2,845281648	6,06807959	-0,465776953875566	308,839555679967
56,5670014	2,855294996	6,072481445	-0,465802614355853	309,063591459691
56,6170044	2,865308576	6,079003418	-0,465794591835492	309,395532267915
56,6670075	2,875322156	6,082084961	-0,465755580794745	309,552369757736
56,7170105	2,885242371	6,08444043	-0,465773748063247	309,672253155537
56,7670136	2,895302518	6,090333984	-0,465778392995675	309,97221009772
56,8170014	2,905316098	6,095108398	-0,465820096519292	310,215207552932
56,8670044	2,915329678	6,100410645	-0,465805480611726	310,48506947272
56,9170075	2,925343026	6,103156738	-0,465792048158241	310,624833978013
56,953003	2,932515607	6,106397949	-0,465847860252147	310,789797892915
56,9670105	2,93531004	6,107845215	-0,465843352140992	310,863457603827
57,0170136	2,945137123	6,111164063	-0,465824085308826	311,032372913274
57,0670014	2,955243836	6,115453125	-0,465798250056839	311,250668006922
57,1170044	2,965257416	6,11751709	-0,465778622695623	311,355715085505
57,1670075	2,975270996	6,121020996	-0,465727558399774	311,534049063518
57,2170105	2,98533091	6,129106445	-0,465802955909688	311,94556417956
57,2670136	2,995297924	6,130439941	-0,465845921784325	312,013433479234
57,3170014	3,005358071	6,136526855	-0,465766761190044	312,323231626629
57,3670044	3,015418217	6,141859863	-0,465728010808802	312,594659151059
57,4170075	3,025338432	6,144831055	-0,465737498415354	312,745880242264
57,4670105	3,03525888	6,147731445	-0,465760485387984	312,893497811482
57,5170136	3,045272461	6,150810547	-0,465826461205245	313,050211064739
57,5610047	3,054214554	6,156600098	-0,46581141286256	313,344874694625
57,5670014	3,05537894	6,158019043	-0,46586150742515	313,417092986564
57,6170044	3,065299389	6,159336426	-0,465786216775646	313,484142202769
57,6670075	3,075266403	6,163524414	-0,465820803595654	313,697293057818
57,7170105	3,085326316	6,168154785	-0,465813015768719	313,932959334283
57,7670136	3,095293331	6,172564453	-0,465812472478407	314,157392762622
57,8170014	3,105306911	6,175708496	-0,465782505623441	314,317411237785
57,8670044	3,115320491	6,180176758	-0,465831649427985	314,544826852606
57,9170075	3,125333839	6,183473633	-0,465799747101283	314,712623829397
57,9670105	3,135300853	6,186042969	-0,465748574946328	314,843392151873
58,0170136	3,145267867	6,19223877	-0,465755229253955	315,158732186482
58,0670014	3,155327781	6,195452637	-0,465843468988357	315,322304407573
58,1170044	3,165294795	6,199360352	-0,465767621066806	315,521190553746
58,1670075	3,175308375	6,202375	-0,465759752345541	315,674623371335
58,2170105	3,18522859	6,205161133	-0,465721743995002	315,816425743078
58,2250061	3,186858871	6,206631836	-0,465754616054963	315,891278298046
58,2670136	3,195335303	6,21054248	-0,465734668112515	316,090313517915
58,3170014	3,205348883	6,214037109	-0,465692601063763	316,268175335912
58,3670044	3,215269331	6,2188125	-0,465788011431327	316,511222516287
58,4170075	3,225329245	6,222297363	-0,46577116843296	316,688587286238
58,4670105	3,235342825	6,225601563	-0,465773131868169	316,856757074511
58,5170136	3,245356406	6,229149902	-0,465803049787059	317,037352504072
58,5670014	3,255276621	6,232997559	-0,465727847022752	317,233181952362
58,6170044	3,265290201	6,236869141	-0,465746838214982	317,43022908184
58,6670075	3,275303782	6,240393066	-0,465730602423434	317,609581942182
58,7170105	3,285270563	6,243896484	-0,465775515754152	317,787891083062
58,7670136	3,295470408	6,248211426	-0,465714906926112	318,007503359121
58,8170014	3,305437422	6,254355957	-0,465821026304734	318,320233967834
58,8670044	3,31535787	6,254760742	-0,465784690769034	318,340835810261
58,8900147	3,319968615	6,256865723	-0,465758797592713	318,44797042956
58,9170075	3,325278085	6,259024414	-0,465763195847371	318,557838660423
58,9670105	3,335338232	6,265041992	-0,46576171777814	318,864107899023
59,0170136	3,345351812	6,264937012	-0,465789648293131	318,858764861563
59,0670014	3,355272027	6,269835938	-0,465757691038181	319,108099450326
59,1170044	3,365471872	6,274179688	-0,465720736311316	319,329177931596
59,1670075	3,375438886	6,280689941	-0,465712027687198	319,66052224145
59,2170105	3,3854059	6,281985352	-0,465797840591714	319,726453175896
59,2670136	3,395326116	6,283396484	-0,465763251774315	319,798273819218
59,3170014	3,40529313	6,287695313	-0,465734976709402	320,017066011808
59,3670044	3,415260144	6,290489746	-0,465760983737002	320,159290818404
59,4170075	3,425273492	6,296040039	-0,465717884037178	320,441777229235
59,4670105	3,435380204	6,299551758	-0,465675314644627	320,620508855863
59,5170136	3,445300652	6,3016875	-0,465722105522746	320,729209079805
59,5670014	3,455314	6,305788574	-0,465732786570332	320,937936380293
59,5930024	3,460576904	6,306978516	-0,465769466655954	320,998499389251
59,6170044	3,465374146	6,308827148	-0,46573615417131	321,092586929967
59,6670075	3,47534116	6,314436035	-0,465709066555258	321,37805552728
59,7170105	3,485354741	6,315691406	-0,465752093350316	321,441948595277
59,7670136	3,495274956	6,320458496	-0,465705529176058	321,684573289902
59,8170014	3,505288536	6,323125488	-0,465719052510827	321,820311889251
59,8670044	3,515302117	6,327864258	-0,465737951823077	322,061495215798
59,9170075	3,525315464	6,33065918	-0,465778547793466	322,203744910423
59,9670105	3,535282478	6,333440918	-0,465794428049442	322,345323595277
60,0170136	3,545296059	6,335995605	-0,465799946840369	322,475346345684
60,0670014	3,555355972	6,339302734	-0,465745070524077	322,643665207655
60,1170044	3,56527642	6,343520996	-0,465783955729201	322,858356881107
60,1670075	3,575336567	6,346689941	-0,465762329978437	323,019642762622
60,2170105	3,585350147	6,348011719	-0,465808872181395	323,086915665717
60,2670136	3,595363495	6,353271973	-0,465768326145777	323,354640319625
60,3170014	3,605283943	6,354229492	-0,465702201522897	323,403373982085
60,3500061	3,611897497	6,357071289	-0,465714749132235	323,548009415717
60,3670044	3,615297523	6,358609863	-0,465724025015356	323,626316317182
60,4170075	3,625357437	6,361094238	-0,465750661221074	323,752760484528
60,4670105	3,635277885	6,364804688	-0,465707919054213	323,941606677524
60,5170136	3,645244899	6,367650879	-0,465728879673823	324,08646574715
60,5670014	3,655258246	6,371414551	-0,465745924408666	324,278020714577
60,6170044	3,665411525	6,376349609	-0,465763546389466	324,529194269137
60,6670075	3,675331973	6,378480469	-0,465746371824218	324,637646019951
60,7170105	3,685298987	6,381664551	-0,465743287852741	324,799702310668
60,7670136	3,695358901	6,38480127	-0,465770774946962	324,959348025244
60,8170014	3,705372481	6,388874023	-0,465693980262147	325,166633906759
60,8670044	3,715339495	6,391453125	-0,465735495032328	325,29789927728
60,9170075	3,725213144	6,390698242	-0,465753440590446	325,259478929153
60,9670105	3,735319857	6,39725	-0,465694165020801	325,592935667752
61,0170136	3,745333437	6,398248047	-0,465720087159289	325,643732033795
61,0670014	3,755253653	6,403540039	-0,465742322114263	325,913072017508
61,1170044	3,765313799	6,405623047	-0,465722301267049	326,019088304153
61,1260071	3,767130344	6,407169922	-0,465702632959321	326,097817691368
61,1670075	3,775327379	6,408930664	-0,465709173415669	326,187432003257
61,2170105	3,785294394	6,409479492	-0,465705150670491	326,21536502443
61,2670136	3,795214609	6,412666992	-0,465708411411059	326,377595276873
61,3170014	3,805414454	6,418379395	-0,465664781403964	326,668332400244
61,3670044	3,815381468	6,420023438	-0,465693098414085	326,752007227199
61,4170075	3,825301683	6,422672852	-0,465702039734238	326,886851180782
61,4670105	3,835315263	6,425899414	-0,465686315274749	327,051069523616
61,5170136	3,84537541	6,430856445	-0,465732753613383	327,303361410831
61,5670014	3,855342191	6,431725586	-0,465661226048246	327,347597007329
61,6170044	3,865262639	6,43459668	-0,465669936669755	327,493723534202
61,6670075	3,875322786	6,437876953	-0,46570224246941	327,660675539495
61,7170105	3,885336366	6,438975098	-0,465736255039548	327,71656646987
61,7670136	3,895303147	6,444668457	-0,465708998643969	328,006334334283
61,8170014	3,905363294	6,446006836	-0,465730551489967	328,07445215798
61,8670044	3,915330308	6,448632813	-0,465689814703523	328,208103267508
61,9170075	3,925343656	6,449820801	-0,465735835587469	328,26856682614
61,9670105	3,935264104	6,452429199	-0,465681218931988	328,401323239007
62,0160065	3,945137986	6,457233887	-0,465709818572914	328,645861512622
62,0170136	3,94532425	6,457439453	-0,465721291585973	328,656323951547
62,0670014	3,955291031	6,458797852	-0,465715922599361	328,725460708469
62,1170044	3,965258046	6,460625488	-0,465695919728665	328,818479641694
62,1670075	3,975271626	6,46290332	-0,46566107224915	328,934411644951
62,2170105	3,985285206	6,465995117	-0,465685800946604	329,091771019951
62,2670136	3,99534512	6,467717773	-0,465683907420076	329,179446915717
62,3170014	4,005265568	6,469895508	-0,465690187216917	329,290284405537
62,3670044	4,015279148	6,472563477	-0,465727750149296	329,426072730049
62,4170075	4,025292496	6,476092285	-0,465750784060611	329,605674114414
62,4670105	4,035306076	6,479799316	-0,465706498909317	329,794346294788
62,5170136	4,045412789	6,479902344	-0,465742379039903	329,799589983713
62,5670014	4,055333004	6,483773926	-0,465641688569619	329,996637113192
62,6170044	4,065346584	6,484890625	-0,465816487234021	330,053472363599
62,6670075	4,075127334	6,485614258	-0,465679928617497	330,090302219055
62,7170105	4,085327179	6,490004395	-0,465653491152168	330,313741602199
62,7670136	4,09529396	6,490425293	-0,465752784447551	330,335163528094
62,8170014	4,105260974	6,492047363	-0,465642895992389	330,417720022394
62,8670044	4,115321121	6,494032715	-0,465691377661865	330,518766032166
62,9170075	4,125287902	6,49574707	-0,465708493304084	330,606019442182
62,9670105	4,135348049	6,497164063	-0,465740710219845	330,678138385586
63,0170136	4,14522193	6,498913086	-0,465734112837858	330,76715625
63,0670014	4,155281844	6,500066406	-0,465705745892966	330,825855354235
63,1170044	4,165341991	6,4984375	-0,465707543544733	330,742950936482
63,1670075	4,175262439	6,497763184	-0,465767825799368	330,708631107492
63,2170105	4,185275786	6,493327637	-0,465720841174336	330,482880547638
63,2670136	4,195289366	6,480413086	-0,465761700800318	329,825584588762
63,3150025	4,204930418	6,404672363	-0,465687024348502	325,970702514251
63,3170014	4,205302947	6,397497559	-0,465701991796858	325,605535372557
63,3270111	4,207305756	6,349483398	-0,465652543390208	323,161817894951
63,3340149	4,20870274	6,288819824	-0,465641346017087	320,074298859935
63,3360138	4,209121835	6,220591309	-0,465651838311237	316,601756361971
63,3370056	4,209355131	6,089649414	-0,465636432435589	309,937368383551
63,3380127	4,209541396	5,838373535	-0,465569943288879	297,148490177117
63,3390045	4,209774226	5,448059082	-0,465439247014508	277,283137316775
63,3400116	4,210007057	4,922145508	-0,465269848296276	250,516363395765
63,3410034	4,210239888	4,283748047	-0,465110205833664	218,02463594259
63,3420105	4,210519285	3,569644531	-0,464974472139562	181,6797908693
63,3430024	4,210798681	2,822272217	-0,464869518238503	143,641704855456
63,3440094	4,211078078	2,084311768	-0,464801104605706	106,082642915309
63,3450013	4,211404041	1,394614624	-0,464770996934685	70,9799788273615
63,3460083	4,211683438	0,784809326	-0,464773626499743	39,9434713965798
63,3470002	4,212009866	0,276948425	-0,464714773378263	14,0955020867264
63,3480072	4,212335829	-0,117464516	-0,464348713554048	-5,97844645765472
63,3490143	4,212661792	-0,396777435	-0,463356485679194	-20,1942912764658
63,3500061	4,212941189	-0,567428345	-0,461580108121585	-28,8796999694625
63,3510132	4,213267152	-0,641960693	-0,459172626960538	-32,6730808733713
63,3530121	4,213825945	-0,574150757	-0,453653900949259	-29,2218422740228
63,3540039	4,214105342	-0,471762329	-0,45090353668876	-24,010704855456
